mode: set
GYscan/internal/ws/client.go:79.46,92.2 2 1
GYscan/internal/ws/client.go:94.36,103.37 5 1
GYscan/internal/ws/client.go:103.37,105.3 1 0
GYscan/internal/ws/client.go:107.2,108.16 2 1
GYscan/internal/ws/client.go:108.16,110.3 1 1
GYscan/internal/ws/client.go:111.2,112.12 2 0
GYscan/internal/ws/client.go:115.40,119.19 3 0
GYscan/internal/ws/client.go:119.19,121.3 1 0
GYscan/internal/ws/client.go:123.2,126.30 3 0
GYscan/internal/ws/client.go:127.21,129.17 2 0
GYscan/internal/ws/client.go:129.17,131.4 1 0
GYscan/internal/ws/client.go:132.10,133.34 1 0
GYscan/internal/ws/client.go:136.2,136.22 1 0
GYscan/internal/ws/client.go:136.22,138.3 1 0
GYscan/internal/ws/client.go:140.2,140.77 1 0
GYscan/internal/ws/client.go:143.46,147.19 3 0
GYscan/internal/ws/client.go:147.19,149.3 1 0
GYscan/internal/ws/client.go:151.2,152.16 2 0
GYscan/internal/ws/client.go:152.16,154.3 1 0
GYscan/internal/ws/client.go:156.2,156.22 1 0
GYscan/internal/ws/client.go:156.22,158.3 1 0
GYscan/internal/ws/client.go:160.2,160.59 1 0
GYscan/internal/ws/client.go:163.67,166.41 2 1
GYscan/internal/ws/client.go:166.41,169.3 2 1
GYscan/internal/ws/client.go:171.2,171.38 1 1
GYscan/internal/ws/client.go:171.38,174.3 2 1
GYscan/internal/ws/client.go:176.2,176.29 1 1
GYscan/internal/ws/client.go:176.29,178.3 1 1
GYscan/internal/ws/client.go:180.2,180.94 1 1
GYscan/internal/ws/client.go:183.38,185.19 2 1
GYscan/internal/ws/client.go:185.19,187.3 1 1
GYscan/internal/ws/client.go:188.2,188.22 1 1
GYscan/internal/ws/client.go:188.22,189.84 1 1
GYscan/internal/ws/client.go:189.84,191.4 1 1
GYscan/internal/ws/client.go:193.2,193.19 1 1
GYscan/internal/ws/client.go:196.53,200.19 3 0
GYscan/internal/ws/client.go:200.19,202.3 1 0
GYscan/internal/ws/client.go:204.2,206.16 3 0
GYscan/internal/ws/client.go:206.16,208.3 1 0
GYscan/internal/ws/client.go:209.2,209.29 1 0
GYscan/internal/ws/client.go:212.63,217.17 4 0
GYscan/internal/ws/client.go:217.17,219.3 1 0
GYscan/internal/ws/client.go:221.2,227.12 3 0
GYscan/internal/ws/client.go:227.12,234.3 3 0
GYscan/internal/ws/client.go:236.2,236.9 1 0
GYscan/internal/ws/client.go:237.23,238.40 1 0
GYscan/internal/ws/client.go:239.38,240.47 1 0
GYscan/internal/ws/client.go:241.22,242.53 1 0
GYscan/internal/ws/client.go:246.48,252.71 3 0
GYscan/internal/ws/client.go:252.71,253.18 1 0
GYscan/internal/ws/client.go:253.18,257.11 3 0
GYscan/internal/ws/client.go:258.29,258.29 0 0
GYscan/internal/ws/client.go:259.24,261.18 2 0
GYscan/internal/ws/client.go:265.3,266.17 2 0
GYscan/internal/ws/client.go:266.17,268.47 2 0
GYscan/internal/ws/client.go:268.47,271.5 2 0
GYscan/internal/ws/client.go:272.4,272.12 1 0
GYscan/internal/ws/client.go:275.3,278.8 3 0
GYscan/internal/ws/client.go:281.2,281.23 1 0
GYscan/internal/ws/client.go:281.23,284.3 2 0
GYscan/internal/ws/client.go:286.2,289.16 3 0
GYscan/internal/ws/client.go:289.16,291.3 1 0
GYscan/internal/ws/client.go:293.2,296.34 3 0
GYscan/internal/ws/client.go:296.34,298.3 1 0
GYscan/internal/ws/client.go:300.2,300.15 1 0
GYscan/internal/ws/client.go:303.64,305.49 2 1
GYscan/internal/ws/client.go:305.49,307.3 1 1
GYscan/internal/ws/client.go:308.2,308.29 1 1
GYscan/internal/ws/client.go:311.55,314.38 2 0
GYscan/internal/ws/client.go:314.38,317.31 2 0
GYscan/internal/ws/client.go:318.22,319.31 1 0
GYscan/internal/ws/client.go:320.11,321.25 1 0
GYscan/internal/ws/client.go:324.3,324.17 1 0
GYscan/internal/ws/client.go:324.17,326.4 1 0
GYscan/internal/ws/client.go:328.3,328.23 1 0
GYscan/internal/ws/client.go:328.23,330.4 1 0
GYscan/internal/ws/client.go:332.3,332.50 1 0
GYscan/internal/ws/client.go:332.50,334.18 2 0
GYscan/internal/ws/client.go:334.18,335.25 1 0
GYscan/internal/ws/client.go:335.25,337.6 1 0
GYscan/internal/ws/client.go:338.5,338.13 1 0
GYscan/internal/ws/client.go:340.4,340.23 1 0
GYscan/internal/ws/client.go:340.23,343.5 2 0
GYscan/internal/ws/client.go:346.3,346.27 1 0
GYscan/internal/ws/client.go:346.27,348.4 1 0
GYscan/internal/ws/client.go:351.2,351.22 1 0
GYscan/internal/ws/client.go:354.44,355.22 1 1
GYscan/internal/ws/client.go:355.22,357.3 1 1
GYscan/internal/ws/client.go:358.2,358.27 1 1
GYscan/internal/ws/client.go:361.73,362.48 1 1
GYscan/internal/ws/client.go:362.48,364.32 2 1
GYscan/internal/ws/client.go:364.32,365.26 1 1
GYscan/internal/ws/client.go:366.27,367.48 1 1
GYscan/internal/ws/client.go:367.48,369.11 2 1
GYscan/internal/ws/client.go:374.3,374.24 1 1
GYscan/internal/ws/client.go:374.24,376.4 1 0
GYscan/internal/ws/client.go:378.3,378.15 1 1
GYscan/internal/ws/client.go:378.15,380.4 1 1
GYscan/internal/ws/client.go:382.2,382.17 1 1
GYscan/internal/ws/client.go:385.34,392.19 5 1
GYscan/internal/ws/client.go:392.19,394.3 1 0
GYscan/internal/ws/client.go:395.2,395.12 1 1
GYscan/internal/ws/client.go:398.39,402.2 3 1
GYscan/internal/ws/client.go:404.42,405.20 1 1
GYscan/internal/ws/client.go:405.20,407.3 1 0
GYscan/internal/ws/client.go:409.2,411.22 2 1
GYscan/internal/ws/client.go:411.22,413.3 1 0
GYscan/internal/ws/client.go:415.2,420.41 3 1
GYscan/internal/ws/client.go:420.41,422.21 2 1
GYscan/internal/ws/client.go:422.21,424.4 1 0
GYscan/internal/ws/client.go:425.3,425.16 1 1
GYscan/internal/ws/client.go:428.2,434.16 5 0
GYscan/internal/ws/client.go:434.16,436.21 2 0
GYscan/internal/ws/client.go:436.21,438.4 1 0
GYscan/internal/ws/client.go:441.2,444.32 3 0
GYscan/internal/ws/client.go:444.32,446.21 2 0
GYscan/internal/ws/client.go:446.21,447.30 1 0
GYscan/internal/ws/client.go:447.30,449.5 1 0
GYscan/internal/ws/client.go:449.10,451.5 1 0
GYscan/internal/ws/client.go:455.2,455.15 1 0
GYscan/internal/ws/flags.go:25.36,38.2 12 1
GYscan/internal/ws/flags.go:40.27,58.2 3 1
GYscan/internal/ws/flags.go:60.45,61.28 1 1
GYscan/internal/ws/flags.go:62.23,63.23 1 1
GYscan/internal/ws/flags.go:64.10,65.21 1 1
GYscan/internal/ws/flags.go:69.55,71.28 2 1
GYscan/internal/ws/flags.go:71.28,73.22 2 1
GYscan/internal/ws/flags.go:73.22,75.4 1 1
GYscan/internal/ws/flags.go:77.2,77.15 1 1
GYscan/internal/ws/flags.go:80.37,82.22 2 1
GYscan/internal/ws/flags.go:82.22,83.15 1 1
GYscan/internal/ws/flags.go:83.15,85.9 2 1
GYscan/internal/ws/flags.go:88.2,88.15 1 1
GYscan/internal/ws/flags.go:88.15,90.3 1 1
GYscan/internal/ws/flags.go:91.2,91.37 1 1
GYscan/internal/ws/flags.go:94.55,96.31 2 1
GYscan/internal/ws/flags.go:96.31,97.40 1 1
GYscan/internal/ws/flags.go:97.40,103.4 2 1
GYscan/internal/ws/flags.go:105.2,105.15 1 1
GYscan/internal/ws/ws.go:47.54,50.23 2 0
GYscan/internal/ws/ws.go:50.23,52.4 1 0
GYscan/internal/ws/ws.go:54.3,56.24 2 0
GYscan/internal/ws/ws.go:56.24,59.4 2 0
GYscan/internal/ws/ws.go:61.3,64.33 3 0
GYscan/internal/ws/ws.go:64.33,65.30 1 0
GYscan/internal/ws/ws.go:65.30,67.5 1 0
GYscan/internal/ws/ws.go:67.10,69.5 1 0
GYscan/internal/ws/ws.go:72.3,72.28 1 0
GYscan/internal/ws/ws.go:72.28,74.4 1 0
GYscan/internal/ws/ws.go:76.3,76.13 1 0
GYscan/internal/ws/ws.go:80.13,82.2 1 1
